<?xml version="1.0" encoding="UTF-8"?>
<!-- Generated by org.testng.reporters.JUnitXMLReporter -->
<testsuite ignored="0" hostname="Maheshs-Mac-mini.local" failures="0" tests="12" name="Default test" time="44.141" errors="0" timestamp="2020-11-09T19:27:57 IST">
  <testcase classname="com.colt.iosfieldexpert.testcases.LoginPageTest" name="validateLogoTest" time="0.389"/>
  <testcase classname="com.colt.iosfieldexpert.testcases.LoginPageTest" name="userNameLabelTest" time="0.357"/>
  <testcase classname="com.colt.iosfieldexpert.testcases.LoginPageTest" name="userIDPlHdTest" time="0.357"/>
  <testcase classname="com.colt.iosfieldexpert.testcases.LoginPageTest" name="pwdLabelTest" time="0.347"/>
  <testcase classname="com.colt.iosfieldexpert.testcases.LoginPageTest" name="pwPlHdTest" time="0.345"/>
  <testcase classname="com.colt.iosfieldexpert.testcases.LoginPageTest" name="hidePwdIconTest" time="0.336"/>
  <testcase classname="com.colt.iosfieldexpert.testcases.LoginPageTest" name="rememberMeLabelTest" time="0.349"/>
  <testcase classname="com.colt.iosfieldexpert.testcases.LoginPageTest" name="rememberMeUncheckedTest" time="0.345"/>
  <testcase classname="com.colt.iosfieldexpert.testcases.LoginPageTest" name="loginLabelTest" time="0.395"/>
  <testcase classname="com.colt.iosfieldexpert.testcases.LoginPageTest" name="termsConditionLabelTest" time="0.39"/>
  <testcase classname="com.colt.iosfieldexpert.testcases.LoginPageTest" name="signUpLabelTest" time="0.402"/>
  <testcase classname="com.colt.iosfieldexpert.testcases.LoginPageTest" name="validCredsLogin" time="10.062"/>
</testsuite> <!-- Default test -->
