<?xml version="1.0" encoding="UTF-8"?>
<testng-results ignored="0" total="12" passed="12" failed="0" skipped="0">
  <reporter-output>
  </reporter-output>
  <suite started-at="2020-11-09T19:27:13 IST" name="Default suite" finished-at="2020-11-09T19:27:57 IST" duration-ms="44141">
    <groups>
    </groups>
    <test started-at="2020-11-09T19:27:13 IST" name="Default test" finished-at="2020-11-09T19:27:57 IST" duration-ms="44141">
      <class name="com.colt.iosfieldexpert.testcases.LoginPageTest">
        <test-method is-config="true" signature="setUp()[pri:0, instance:com.colt.iosfieldexpert.testcases.LoginPageTest@2dbe250d]" started-at="2020-11-09T19:27:13 IST" name="setUp" finished-at="2020-11-09T19:27:43 IST" duration-ms="29993" status="PASS">
          <reporter-output>
          </reporter-output>
        </test-method> <!-- setUp -->
        <test-method signature="validateLogoTest()[pri:0, instance:com.colt.iosfieldexpert.testcases.LoginPageTest@2dbe250d]" started-at="2020-11-09T19:27:43 IST" name="validateLogoTest" finished-at="2020-11-09T19:27:44 IST" duration-ms="389" status="PASS">
          <reporter-output>
          </reporter-output>
        </test-method> <!-- validateLogoTest -->
        <test-method signature="userNameLabelTest()[pri:2, instance:com.colt.iosfieldexpert.testcases.LoginPageTest@2dbe250d]" started-at="2020-11-09T19:27:44 IST" name="userNameLabelTest" finished-at="2020-11-09T19:27:44 IST" duration-ms="357" status="PASS">
          <reporter-output>
          </reporter-output>
        </test-method> <!-- userNameLabelTest -->
        <test-method signature="userIDPlHdTest()[pri:3, instance:com.colt.iosfieldexpert.testcases.LoginPageTest@2dbe250d]" started-at="2020-11-09T19:27:44 IST" name="userIDPlHdTest" finished-at="2020-11-09T19:27:44 IST" duration-ms="357" status="PASS">
          <reporter-output>
          </reporter-output>
        </test-method> <!-- userIDPlHdTest -->
        <test-method signature="pwdLabelTest()[pri:4, instance:com.colt.iosfieldexpert.testcases.LoginPageTest@2dbe250d]" started-at="2020-11-09T19:27:44 IST" name="pwdLabelTest" finished-at="2020-11-09T19:27:45 IST" duration-ms="347" status="PASS">
          <reporter-output>
          </reporter-output>
        </test-method> <!-- pwdLabelTest -->
        <test-method signature="pwPlHdTest()[pri:5, instance:com.colt.iosfieldexpert.testcases.LoginPageTest@2dbe250d]" started-at="2020-11-09T19:27:45 IST" name="pwPlHdTest" finished-at="2020-11-09T19:27:45 IST" duration-ms="345" status="PASS">
          <reporter-output>
          </reporter-output>
        </test-method> <!-- pwPlHdTest -->
        <test-method signature="hidePwdIconTest()[pri:6, instance:com.colt.iosfieldexpert.testcases.LoginPageTest@2dbe250d]" started-at="2020-11-09T19:27:45 IST" name="hidePwdIconTest" finished-at="2020-11-09T19:27:45 IST" duration-ms="336" status="PASS">
          <reporter-output>
          </reporter-output>
        </test-method> <!-- hidePwdIconTest -->
        <test-method signature="rememberMeLabelTest()[pri:7, instance:com.colt.iosfieldexpert.testcases.LoginPageTest@2dbe250d]" started-at="2020-11-09T19:27:45 IST" name="rememberMeLabelTest" finished-at="2020-11-09T19:27:46 IST" duration-ms="349" status="PASS">
          <reporter-output>
          </reporter-output>
        </test-method> <!-- rememberMeLabelTest -->
        <test-method signature="rememberMeUncheckedTest()[pri:8, instance:com.colt.iosfieldexpert.testcases.LoginPageTest@2dbe250d]" started-at="2020-11-09T19:27:46 IST" name="rememberMeUncheckedTest" finished-at="2020-11-09T19:27:46 IST" duration-ms="345" status="PASS">
          <reporter-output>
          </reporter-output>
        </test-method> <!-- rememberMeUncheckedTest -->
        <test-method signature="loginLabelTest()[pri:9, instance:com.colt.iosfieldexpert.testcases.LoginPageTest@2dbe250d]" started-at="2020-11-09T19:27:46 IST" name="loginLabelTest" finished-at="2020-11-09T19:27:46 IST" duration-ms="395" status="PASS">
          <reporter-output>
          </reporter-output>
        </test-method> <!-- loginLabelTest -->
        <test-method signature="termsConditionLabelTest()[pri:10, instance:com.colt.iosfieldexpert.testcases.LoginPageTest@2dbe250d]" started-at="2020-11-09T19:27:46 IST" name="termsConditionLabelTest" finished-at="2020-11-09T19:27:47 IST" duration-ms="390" status="PASS">
          <reporter-output>
          </reporter-output>
        </test-method> <!-- termsConditionLabelTest -->
        <test-method signature="signUpLabelTest()[pri:11, instance:com.colt.iosfieldexpert.testcases.LoginPageTest@2dbe250d]" started-at="2020-11-09T19:27:47 IST" name="signUpLabelTest" finished-at="2020-11-09T19:27:47 IST" duration-ms="402" status="PASS">
          <reporter-output>
          </reporter-output>
        </test-method> <!-- signUpLabelTest -->
        <test-method signature="validCredsLogin()[pri:12, instance:com.colt.iosfieldexpert.testcases.LoginPageTest@2dbe250d]" started-at="2020-11-09T19:27:47 IST" name="validCredsLogin" finished-at="2020-11-09T19:27:57 IST" duration-ms="10062" status="PASS">
          <reporter-output>
          </reporter-output>
        </test-method> <!-- validCredsLogin -->
        <test-method is-config="true" signature="tearDown()[pri:0, instance:com.colt.iosfieldexpert.testcases.LoginPageTest@2dbe250d]" started-at="2020-11-09T19:27:57 IST" name="tearDown" finished-at="2020-11-09T19:27:57 IST" duration-ms="23" status="PASS">
          <reporter-output>
          </reporter-output>
        </test-method> <!-- tearDown -->
      </class> <!-- com.colt.iosfieldexpert.testcases.LoginPageTest -->
    </test> <!-- Default test -->
  </suite> <!-- Default suite -->
</testng-results>
